mode: set
github.com/cnoe-io/idpbuilder/pkg/registry/helpers/client.go:17.115,20.16 2 1
github.com/cnoe-io/idpbuilder/pkg/registry/helpers/client.go:20.16,22.3 1 0
github.com/cnoe-io/idpbuilder/pkg/registry/helpers/client.go:25.2,26.88 2 1
github.com/cnoe-io/idpbuilder/pkg/registry/helpers/client.go:26.88,28.3 1 1
github.com/cnoe-io/idpbuilder/pkg/registry/helpers/client.go:31.2,40.20 3 1
github.com/cnoe-io/idpbuilder/pkg/registry/helpers/client.go:40.20,41.32 1 1
github.com/cnoe-io/idpbuilder/pkg/registry/helpers/client.go:41.32,43.38 1 1
github.com/cnoe-io/idpbuilder/pkg/registry/helpers/client.go:43.38,45.5 1 1
github.com/cnoe-io/idpbuilder/pkg/registry/helpers/client.go:46.4,47.39 2 1
github.com/cnoe-io/idpbuilder/pkg/registry/helpers/client.go:51.3,51.31 1 1
github.com/cnoe-io/idpbuilder/pkg/registry/helpers/client.go:51.31,52.63 1 1
github.com/cnoe-io/idpbuilder/pkg/registry/helpers/client.go:52.63,53.66 1 1
github.com/cnoe-io/idpbuilder/pkg/registry/helpers/client.go:53.66,55.6 1 1
github.com/cnoe-io/idpbuilder/pkg/registry/helpers/client.go:60.2,60.20 1 1
github.com/cnoe-io/idpbuilder/pkg/registry/helpers/client.go:64.106,66.55 1 1
github.com/cnoe-io/idpbuilder/pkg/registry/helpers/client.go:66.55,68.3 1 1
github.com/cnoe-io/idpbuilder/pkg/registry/helpers/client.go:71.2,80.24 4 1
github.com/cnoe-io/idpbuilder/pkg/registry/helpers/client.go:80.24,84.3 1 1
github.com/cnoe-io/idpbuilder/pkg/registry/helpers/client.go:87.2,87.45 1 1
github.com/cnoe-io/idpbuilder/pkg/registry/helpers/client.go:87.45,90.27 2 1
github.com/cnoe-io/idpbuilder/pkg/registry/helpers/client.go:90.27,94.4 1 1
github.com/cnoe-io/idpbuilder/pkg/registry/helpers/client.go:96.3,96.32 1 1
github.com/cnoe-io/idpbuilder/pkg/registry/helpers/client.go:96.32,98.4 1 1
github.com/cnoe-io/idpbuilder/pkg/registry/helpers/client.go:99.3,99.43 1 1
github.com/cnoe-io/idpbuilder/pkg/registry/helpers/client.go:102.2,102.52 1 1
github.com/cnoe-io/idpbuilder/pkg/registry/helpers/client.go:106.140,111.26 3 1
github.com/cnoe-io/idpbuilder/pkg/registry/helpers/client.go:112.11,113.63 1 1
github.com/cnoe-io/idpbuilder/pkg/registry/helpers/client.go:114.14,115.88 1 1
github.com/cnoe-io/idpbuilder/pkg/registry/helpers/client.go:116.14,117.80 1 1
github.com/cnoe-io/idpbuilder/pkg/registry/helpers/client.go:118.17,119.61 1 1
github.com/cnoe-io/idpbuilder/pkg/registry/helpers/client.go:120.10,121.60 1 1
github.com/cnoe-io/idpbuilder/pkg/registry/helpers/client.go:124.2,124.16 1 1
github.com/cnoe-io/idpbuilder/pkg/registry/helpers/client.go:124.16,126.3 1 1
github.com/cnoe-io/idpbuilder/pkg/registry/helpers/client.go:129.2,129.23 1 1
github.com/cnoe-io/idpbuilder/pkg/registry/helpers/client.go:129.23,131.17 2 1
github.com/cnoe-io/idpbuilder/pkg/registry/helpers/client.go:131.17,133.4 1 0
github.com/cnoe-io/idpbuilder/pkg/registry/helpers/client.go:135.3,135.62 1 1
github.com/cnoe-io/idpbuilder/pkg/registry/helpers/client.go:135.62,137.4 1 0
github.com/cnoe-io/idpbuilder/pkg/registry/helpers/client.go:141.2,144.17 3 1
github.com/cnoe-io/idpbuilder/pkg/registry/helpers/image.go:24.69,25.15 1 1
github.com/cnoe-io/idpbuilder/pkg/registry/helpers/image.go:25.15,27.3 1 1
github.com/cnoe-io/idpbuilder/pkg/registry/helpers/image.go:29.2,30.23 2 1
github.com/cnoe-io/idpbuilder/pkg/registry/helpers/image.go:30.23,32.3 1 0
github.com/cnoe-io/idpbuilder/pkg/registry/helpers/image.go:34.2,41.20 6 1
github.com/cnoe-io/idpbuilder/pkg/registry/helpers/image.go:41.20,43.3 1 1
github.com/cnoe-io/idpbuilder/pkg/registry/helpers/image.go:46.2,46.48 1 1
github.com/cnoe-io/idpbuilder/pkg/registry/helpers/image.go:46.48,48.3 1 1
github.com/cnoe-io/idpbuilder/pkg/registry/helpers/image.go:52.2,52.111 1 1
github.com/cnoe-io/idpbuilder/pkg/registry/helpers/image.go:52.111,55.3 2 1
github.com/cnoe-io/idpbuilder/pkg/registry/helpers/image.go:58.2,58.31 1 1
github.com/cnoe-io/idpbuilder/pkg/registry/helpers/image.go:58.31,60.3 1 0
github.com/cnoe-io/idpbuilder/pkg/registry/helpers/image.go:63.2,63.47 1 1
github.com/cnoe-io/idpbuilder/pkg/registry/helpers/image.go:63.47,65.3 1 0
github.com/cnoe-io/idpbuilder/pkg/registry/helpers/image.go:68.2,68.56 1 1
github.com/cnoe-io/idpbuilder/pkg/registry/helpers/image.go:68.56,70.3 1 1
github.com/cnoe-io/idpbuilder/pkg/registry/helpers/image.go:72.2,78.8 1 1
github.com/cnoe-io/idpbuilder/pkg/registry/helpers/image.go:82.60,83.40 1 1
github.com/cnoe-io/idpbuilder/pkg/registry/helpers/image.go:83.40,85.3 1 1
github.com/cnoe-io/idpbuilder/pkg/registry/helpers/image.go:87.2,90.55 2 1
github.com/cnoe-io/idpbuilder/pkg/registry/helpers/image.go:90.55,92.3 1 1
github.com/cnoe-io/idpbuilder/pkg/registry/helpers/image.go:95.2,95.89 1 1
github.com/cnoe-io/idpbuilder/pkg/registry/helpers/image.go:95.89,97.3 1 1
github.com/cnoe-io/idpbuilder/pkg/registry/helpers/image.go:97.8,99.3 1 1
github.com/cnoe-io/idpbuilder/pkg/registry/helpers/image.go:101.2,104.19 2 1
github.com/cnoe-io/idpbuilder/pkg/registry/helpers/image.go:104.19,106.3 1 1
github.com/cnoe-io/idpbuilder/pkg/registry/helpers/image.go:109.2,109.22 1 1
github.com/cnoe-io/idpbuilder/pkg/registry/helpers/image.go:109.22,110.20 1 1
github.com/cnoe-io/idpbuilder/pkg/registry/helpers/image.go:110.20,112.4 1 0
github.com/cnoe-io/idpbuilder/pkg/registry/helpers/image.go:112.9,114.92 1 1
github.com/cnoe-io/idpbuilder/pkg/registry/helpers/image.go:114.92,116.5 1 0
github.com/cnoe-io/idpbuilder/pkg/registry/helpers/image.go:117.4,117.51 1 1
github.com/cnoe-io/idpbuilder/pkg/registry/helpers/image.go:121.2,121.14 1 1
github.com/cnoe-io/idpbuilder/pkg/registry/helpers/image.go:125.62,126.16 1 1
github.com/cnoe-io/idpbuilder/pkg/registry/helpers/image.go:126.16,128.3 1 1
github.com/cnoe-io/idpbuilder/pkg/registry/helpers/image.go:130.2,130.26 1 1
github.com/cnoe-io/idpbuilder/pkg/registry/helpers/image.go:130.26,132.3 1 1
github.com/cnoe-io/idpbuilder/pkg/registry/helpers/image.go:135.2,135.92 1 1
github.com/cnoe-io/idpbuilder/pkg/registry/helpers/image.go:135.92,137.3 1 0
github.com/cnoe-io/idpbuilder/pkg/registry/helpers/image.go:140.2,140.55 1 1
github.com/cnoe-io/idpbuilder/pkg/registry/helpers/image.go:140.55,142.3 1 1
github.com/cnoe-io/idpbuilder/pkg/registry/helpers/image.go:145.2,145.64 1 1
github.com/cnoe-io/idpbuilder/pkg/registry/helpers/image.go:145.64,147.3 1 0
github.com/cnoe-io/idpbuilder/pkg/registry/helpers/image.go:149.2,149.12 1 1
github.com/cnoe-io/idpbuilder/pkg/registry/helpers/image.go:153.89,154.16 1 1
github.com/cnoe-io/idpbuilder/pkg/registry/helpers/image.go:154.16,156.3 1 1
github.com/cnoe-io/idpbuilder/pkg/registry/helpers/image.go:158.2,161.16 4 1
github.com/cnoe-io/idpbuilder/pkg/registry/helpers/image.go:165.95,166.16 1 1
github.com/cnoe-io/idpbuilder/pkg/registry/helpers/image.go:166.16,168.3 1 1
github.com/cnoe-io/idpbuilder/pkg/registry/helpers/image.go:170.2,173.16 3 1
github.com/cnoe-io/idpbuilder/pkg/registry/helpers/image.go:177.60,178.38 1 1
github.com/cnoe-io/idpbuilder/pkg/registry/helpers/image.go:178.38,180.3 1 1
github.com/cnoe-io/idpbuilder/pkg/registry/helpers/image.go:183.2,183.33 1 1
github.com/cnoe-io/idpbuilder/pkg/registry/helpers/image.go:183.33,185.3 1 1
github.com/cnoe-io/idpbuilder/pkg/registry/helpers/image.go:188.2,188.97 1 1
github.com/cnoe-io/idpbuilder/pkg/registry/helpers/image.go:188.97,190.3 1 1
github.com/cnoe-io/idpbuilder/pkg/registry/helpers/image.go:192.2,192.21 1 0
github.com/cnoe-io/idpbuilder/pkg/registry/helpers/retry.go:19.46,26.2 1 1
github.com/cnoe-io/idpbuilder/pkg/registry/helpers/retry.go:29.39,30.16 1 1
github.com/cnoe-io/idpbuilder/pkg/registry/helpers/retry.go:30.16,32.3 1 1
github.com/cnoe-io/idpbuilder/pkg/registry/helpers/retry.go:35.2,35.50 1 1
github.com/cnoe-io/idpbuilder/pkg/registry/helpers/retry.go:35.50,36.22 1 1
github.com/cnoe-io/idpbuilder/pkg/registry/helpers/retry.go:37.60,38.15 1 1
github.com/cnoe-io/idpbuilder/pkg/registry/helpers/retry.go:39.81,40.16 1 1
github.com/cnoe-io/idpbuilder/pkg/registry/helpers/retry.go:45.2,54.44 3 1
github.com/cnoe-io/idpbuilder/pkg/registry/helpers/retry.go:54.44,55.32 1 1
github.com/cnoe-io/idpbuilder/pkg/registry/helpers/retry.go:55.32,57.4 1 1
github.com/cnoe-io/idpbuilder/pkg/registry/helpers/retry.go:60.2,60.14 1 1
github.com/cnoe-io/idpbuilder/pkg/registry/helpers/retry.go:64.45,65.16 1 1
github.com/cnoe-io/idpbuilder/pkg/registry/helpers/retry.go:70.29,71.14 1 1
github.com/cnoe-io/idpbuilder/pkg/registry/helpers/retry.go:72.10,73.15 1 1
github.com/cnoe-io/idpbuilder/pkg/registry/helpers/retry.go:78.95,79.19 1 1
github.com/cnoe-io/idpbuilder/pkg/registry/helpers/retry.go:79.19,81.3 1 0
github.com/cnoe-io/idpbuilder/pkg/registry/helpers/retry.go:83.2,86.61 3 1
github.com/cnoe-io/idpbuilder/pkg/registry/helpers/retry.go:86.61,89.17 2 1
github.com/cnoe-io/idpbuilder/pkg/registry/helpers/retry.go:89.17,91.4 1 1
github.com/cnoe-io/idpbuilder/pkg/registry/helpers/retry.go:93.3,96.62 2 1
github.com/cnoe-io/idpbuilder/pkg/registry/helpers/retry.go:96.62,97.9 1 1
github.com/cnoe-io/idpbuilder/pkg/registry/helpers/retry.go:101.3,101.10 1 1
github.com/cnoe-io/idpbuilder/pkg/registry/helpers/retry.go:102.21,103.55 1 1
github.com/cnoe-io/idpbuilder/pkg/registry/helpers/retry.go:104.11,104.11 0 1
github.com/cnoe-io/idpbuilder/pkg/registry/helpers/retry.go:108.3,109.10 2 1
github.com/cnoe-io/idpbuilder/pkg/registry/helpers/retry.go:110.21,112.70 2 0
github.com/cnoe-io/idpbuilder/pkg/registry/helpers/retry.go:113.18,113.18 0 1
github.com/cnoe-io/idpbuilder/pkg/registry/helpers/retry.go:117.3,118.30 2 1
github.com/cnoe-io/idpbuilder/pkg/registry/helpers/retry.go:118.30,120.4 1 0
github.com/cnoe-io/idpbuilder/pkg/registry/helpers/retry.go:123.2,123.61 1 1
github.com/cnoe-io/idpbuilder/pkg/registry/helpers/retry.go:127.117,128.19 1 1
github.com/cnoe-io/idpbuilder/pkg/registry/helpers/retry.go:128.19,130.3 1 1
github.com/cnoe-io/idpbuilder/pkg/registry/helpers/retry.go:132.2,136.61 4 1
github.com/cnoe-io/idpbuilder/pkg/registry/helpers/retry.go:136.61,141.83 2 1
github.com/cnoe-io/idpbuilder/pkg/registry/helpers/retry.go:141.83,143.4 1 1
github.com/cnoe-io/idpbuilder/pkg/registry/helpers/retry.go:146.3,151.42 4 1
github.com/cnoe-io/idpbuilder/pkg/registry/helpers/retry.go:151.42,153.4 1 1
github.com/cnoe-io/idpbuilder/pkg/registry/helpers/retry.go:153.9,153.67 1 1
github.com/cnoe-io/idpbuilder/pkg/registry/helpers/retry.go:153.67,156.24 2 1
github.com/cnoe-io/idpbuilder/pkg/registry/helpers/retry.go:156.24,158.5 1 0
github.com/cnoe-io/idpbuilder/pkg/registry/helpers/retry.go:162.3,162.52 1 1
github.com/cnoe-io/idpbuilder/pkg/registry/helpers/retry.go:162.52,163.9 1 1
github.com/cnoe-io/idpbuilder/pkg/registry/helpers/retry.go:167.3,167.10 1 1
github.com/cnoe-io/idpbuilder/pkg/registry/helpers/retry.go:168.21,169.39 1 0
github.com/cnoe-io/idpbuilder/pkg/registry/helpers/retry.go:169.39,171.5 1 0
github.com/cnoe-io/idpbuilder/pkg/registry/helpers/retry.go:172.4,172.60 1 0
github.com/cnoe-io/idpbuilder/pkg/registry/helpers/retry.go:173.11,173.11 0 1
github.com/cnoe-io/idpbuilder/pkg/registry/helpers/retry.go:177.3,178.10 2 1
github.com/cnoe-io/idpbuilder/pkg/registry/helpers/retry.go:179.21,181.39 2 1
github.com/cnoe-io/idpbuilder/pkg/registry/helpers/retry.go:181.39,183.5 1 0
github.com/cnoe-io/idpbuilder/pkg/registry/helpers/retry.go:184.4,184.75 1 1
github.com/cnoe-io/idpbuilder/pkg/registry/helpers/retry.go:185.18,185.18 0 1
github.com/cnoe-io/idpbuilder/pkg/registry/helpers/retry.go:189.3,190.30 2 1
github.com/cnoe-io/idpbuilder/pkg/registry/helpers/retry.go:190.30,192.4 1 0
github.com/cnoe-io/idpbuilder/pkg/registry/helpers/retry.go:196.2,196.20 1 1
github.com/cnoe-io/idpbuilder/pkg/registry/helpers/retry.go:196.20,198.3 1 1
github.com/cnoe-io/idpbuilder/pkg/registry/helpers/retry.go:201.2,201.21 1 1
github.com/cnoe-io/idpbuilder/pkg/registry/helpers/retry.go:201.21,203.3 1 1
github.com/cnoe-io/idpbuilder/pkg/registry/helpers/retry.go:205.2,205.85 1 0
github.com/cnoe-io/idpbuilder/pkg/registry/helpers/retry.go:209.38,216.2 1 1
github.com/cnoe-io/idpbuilder/pkg/registry/helpers/retry.go:219.43,220.43 1 1
github.com/cnoe-io/idpbuilder/pkg/registry/helpers/retry.go:220.43,221.35 1 1
github.com/cnoe-io/idpbuilder/pkg/registry/helpers/retry.go:221.35,223.4 1 0
github.com/cnoe-io/idpbuilder/pkg/registry/helpers/retry.go:225.2,225.11 1 1
github.com/cnoe-io/idpbuilder/pkg/registry/helpers/url.go:15.67,16.18 1 1
github.com/cnoe-io/idpbuilder/pkg/registry/helpers/url.go:16.18,18.3 1 1
github.com/cnoe-io/idpbuilder/pkg/registry/helpers/url.go:21.2,21.85 1 1
github.com/cnoe-io/idpbuilder/pkg/registry/helpers/url.go:21.85,23.3 1 1
github.com/cnoe-io/idpbuilder/pkg/registry/helpers/url.go:25.2,26.16 2 1
github.com/cnoe-io/idpbuilder/pkg/registry/helpers/url.go:26.16,28.3 1 1
github.com/cnoe-io/idpbuilder/pkg/registry/helpers/url.go:30.2,36.28 2 1
github.com/cnoe-io/idpbuilder/pkg/registry/helpers/url.go:36.28,38.17 2 1
github.com/cnoe-io/idpbuilder/pkg/registry/helpers/url.go:38.17,40.4 1 0
github.com/cnoe-io/idpbuilder/pkg/registry/helpers/url.go:41.3,41.19 1 1
github.com/cnoe-io/idpbuilder/pkg/registry/helpers/url.go:42.8,44.29 1 1
github.com/cnoe-io/idpbuilder/pkg/registry/helpers/url.go:44.29,46.4 1 1
github.com/cnoe-io/idpbuilder/pkg/registry/helpers/url.go:46.9,48.4 1 1
github.com/cnoe-io/idpbuilder/pkg/registry/helpers/url.go:51.2,51.18 1 1
github.com/cnoe-io/idpbuilder/pkg/registry/helpers/url.go:55.56,56.17 1 1
github.com/cnoe-io/idpbuilder/pkg/registry/helpers/url.go:56.17,58.3 1 1
github.com/cnoe-io/idpbuilder/pkg/registry/helpers/url.go:60.2,61.18 2 1
github.com/cnoe-io/idpbuilder/pkg/registry/helpers/url.go:61.18,63.3 1 0
github.com/cnoe-io/idpbuilder/pkg/registry/helpers/url.go:65.2,66.16 2 1
github.com/cnoe-io/idpbuilder/pkg/registry/helpers/url.go:66.16,68.3 1 1
github.com/cnoe-io/idpbuilder/pkg/registry/helpers/url.go:71.2,71.86 1 1
github.com/cnoe-io/idpbuilder/pkg/registry/helpers/url.go:71.86,73.3 1 1
github.com/cnoe-io/idpbuilder/pkg/registry/helpers/url.go:75.2,75.45 1 1
github.com/cnoe-io/idpbuilder/pkg/registry/helpers/url.go:79.65,80.19 1 1
github.com/cnoe-io/idpbuilder/pkg/registry/helpers/url.go:80.19,82.3 1 1
github.com/cnoe-io/idpbuilder/pkg/registry/helpers/url.go:84.2,84.22 1 1
github.com/cnoe-io/idpbuilder/pkg/registry/helpers/url.go:84.22,86.3 1 1
github.com/cnoe-io/idpbuilder/pkg/registry/helpers/url.go:89.2,90.16 2 1
github.com/cnoe-io/idpbuilder/pkg/registry/helpers/url.go:90.16,92.3 1 0
github.com/cnoe-io/idpbuilder/pkg/registry/helpers/url.go:95.2,95.31 1 1
github.com/cnoe-io/idpbuilder/pkg/registry/helpers/url.go:95.31,96.41 1 1
github.com/cnoe-io/idpbuilder/pkg/registry/helpers/url.go:96.41,98.4 1 1
github.com/cnoe-io/idpbuilder/pkg/registry/helpers/url.go:99.3,99.48 1 0
github.com/cnoe-io/idpbuilder/pkg/registry/helpers/url.go:99.48,101.4 1 0
github.com/cnoe-io/idpbuilder/pkg/registry/helpers/url.go:104.2,104.12 1 1
github.com/cnoe-io/idpbuilder/pkg/registry/helpers/url.go:108.58,110.16 2 1
github.com/cnoe-io/idpbuilder/pkg/registry/helpers/url.go:110.16,112.3 1 1
github.com/cnoe-io/idpbuilder/pkg/registry/helpers/url.go:114.2,119.24 3 1
